/mn/backup/yuvtoppm
/mn/backup/monthly
/mn/backup/monthly/postgres/postgres_2018-05-01_16-00.May.postgres.sql
/mn/backup/monthly/postgres/postgres_2018-04-01_16:00:01.April.postgres.sql.bz2
/mn/backup/monthly/postgres/postgres_2018-04-01_21:00:01.April.postgres.sql.bz2
/mn/backup/monthly/postgres/postgres_2018-05-01_21-00.May.postgres.sql
/mn/backup/monthly/postgres/postgres_2018-06-01_11-00.June.postgres.sql
/mn/backup/monthly/postgres/postgres_2018-05-01_11-00.May.postgres.sql
/mn/backup/monthly/postgres/postgres_2018-06-01_21-00.June.postgres.sql
/mn/backup/monthly/postgres/postgres_2018-04-01_11:00:01.April.postgres.sql.bz2
/mn/backup/monthly/postgres/postgres_2018-06-01_16-00.June.postgres.sql
/mn/backup/monthly/template1/template1_2018-06-01_11-00.June.template1.sql
/mn/backup/monthly/template1/template1_2018-05-01_11-00.May.template1.sql
/mn/backup/monthly/template1/template1_2018-04-01_11:00:01.April.template1.sql.bz2
/mn/backup/monthly/template1/template1_2018-06-01_16-00.June.template1.sql
/mn/backup/monthly/template1/template1_2018-05-01_21-00.May.template1.sql
/mn/backup/monthly/template1/template1_2018-04-01_21:00:01.April.template1.sql.bz2
/mn/backup/monthly/template1/template1_2018-05-01_16-00.May.template1.sql
/mn/backup/monthly/template1/template1_2018-04-01_16:00:01.April.template1.sql.bz2
/mn/backup/monthly/template1/template1_2018-06-01_21-00.June.template1.sql
/mn/backup/monthly/graphite/graphite_2018-05-01_16-00.May.graphite.sql
/mn/backup/monthly/graphite/graphite_2018-04-01_16:00:01.April.graphite.sql.bz2
/mn/backup/monthly/graphite/graphite_2018-05-01_11-00.May.graphite.sql
/mn/backup/monthly/graphite/graphite_2018-05-01_21-00.May.graphite.sql
/mn/backup/monthly/graphite/graphite_2018-06-01_21-00.June.graphite.sql
/mn/backup/monthly/graphite/graphite_2018-04-01_11:00:01.April.graphite.sql.bz2
/mn/backup/monthly/graphite/graphite_2018-06-01_16-00.June.graphite.sql
/mn/backup/monthly/graphite/graphite_2018-04-01_21:00:01.April.graphite.sql.bz2
/mn/backup/monthly/graphite/graphite_2018-06-01_11-00.June.graphite.sql
/mn/backup/monthly/gettransfer/gettransfer_2018-05-01_11-00.May.gettransfer.sql
/mn/backup/monthly/gettransfer/gettransfer_2018-04-01_11:00:01.April.gettransfer.sql.bz2
/mn/backup/monthly/gettransfer/gettransfer_2018-06-01_21-00.June.gettransfer.sql
/mn/backup/monthly/gettransfer/gettransfer_2018-06-01_11-00.June.gettransfer.sql
/mn/backup/monthly/gettransfer/gettransfer_2018-06-01_16-00.June.gettransfer.sql
/mn/backup/monthly/gettransfer/gettransfer_2018-04-01_16:00:01.April.gettransfer.sql.bz2
/mn/backup/monthly/gettransfer/gettransfer_2018-04-01_21:00:01.April.gettransfer.sql.bz2
/mn/backup/monthly/gettransfer/gettransfer_2018-05-01_16-00.May.gettransfer.sql
/mn/backup/monthly/gettransfer/gettransfer_2018-05-01_21-00.May.gettransfer.sql
/mn/backup/monthly/grafana/grafana_2018-04-01_21:00:01.April.grafana.sql.bz2
/mn/backup/monthly/grafana/grafana_2018-04-01_11:00:01.April.grafana.sql.bz2
/mn/backup/monthly/grafana/grafana_2018-06-01_16-00.June.grafana.sql
/mn/backup/monthly/grafana/grafana_2018-06-01_21-00.June.grafana.sql
/mn/backup/monthly/grafana/grafana_2018-05-01_11-00.May.grafana.sql
/mn/backup/monthly/grafana/grafana_2018-05-01_21-00.May.grafana.sql
/mn/backup/monthly/grafana/grafana_2018-05-01_16-00.May.grafana.sql
/mn/backup/monthly/grafana/grafana_2018-04-01_16:00:01.April.grafana.sql.bz2
/mn/backup/monthly/grafana/grafana_2018-06-01_11-00.June.grafana.sql
/mn/backup/localhost-219383082.log
/mn/backup/log
/mn/backup/daily
/mn/backup/daily/postgres/postgres_2018-06-11_11-00.dump
/mn/backup/daily/postgres/postgres_2018-04-19_11-00.dump
/mn/backup/daily/postgres/postgres_2018-05-23_21-00.dump
/mn/backup/daily/postgres/postgres_2018-05-04_11-00.dump
/mn/backup/daily/postgres/postgres_2018-05-31_21-00.dump
/mn/backup/daily/postgres/postgres_2018-06-13_21-00.dump
/mn/backup/daily/postgres/postgres_2018-05-17_11-00.dump
/mn/backup/daily/postgres/postgres_2018-04-10_16-00.dump
/mn/backup/daily/postgres/postgres_2018-06-18_16-00.dump
/mn/backup/daily/postgres/postgres_2018-05-18_11-00.dump
/mn/backup/daily/postgres/postgres_2018-05-18_21-00.dump
/mn/backup/daily/postgres/postgres_2018-04-18_11-00.dump
/mn/backup/daily/postgres/postgres_2018-06-14_21-00.dump
/mn/backup/daily/postgres/postgres_2018-05-02_11-00.dump
/mn/backup/daily/postgres/postgres_2018-04-04_16:00:01.Wednesday.sql.bz2
/mn/backup/daily/postgres/postgres_2018-05-29_11-00.dump
/mn/backup/daily/postgres/postgres_2018-04-25_16-00.dump
/mn/backup/daily/postgres/postgres_2018-04-13_16-00.dump
/mn/backup/daily/postgres/postgres_2018-04-06_10-30.Friday.dump
/mn/backup/daily/postgres/postgres_2018-06-12_16-00.dump
/mn/backup/daily/postgres/postgres_2018-05-08_11-00.dump
/mn/backup/daily/postgres/postgres_2018-03-29_16:00:02.Thursday.sql.bz2
/mn/backup/daily/postgres/postgres_2018-06-10_11-00.dump
/mn/backup/daily/postgres/postgres_2018-05-09_11-00.dump
/mn/backup/daily/postgres/postgres_2018-05-14_21-00.dump
/mn/backup/daily/postgres/postgres_2018-05-09_21-00.dump
/mn/backup/daily/postgres/postgres_2018-05-28_21-00.dump
/mn/backup/daily/postgres/postgres_2018-04-27_16-00.dump
/mn/backup/daily/postgres/postgres_2018-04-05_11:00:01.Thursday.sql.bz2
/mn/backup/daily/postgres/postgres_2018-05-02_16-00.dump
/mn/backup/daily/postgres/postgres_2018-04-12_11-00.dump
/mn/backup/daily/postgres/postgres_2018-04-10_11-00.dump
/mn/backup/daily/postgres/postgres_2018-06-19_16-00.dump
/mn/backup/daily/postgres/postgres_2018-06-20_21-00.dump
/mn/backup/daily/postgres/postgres_2018-05-08_21-00.dump
/mn/backup/daily/postgres/postgres_2018-03-28_16:00:01.Wednesday.sql.bz2
/mn/backup/daily/postgres/postgres_2018-05-13_21-00.dump
/mn/backup/daily/postgres/postgres_2018-05-22_21-00.dump
/mn/backup/daily/postgres/postgres_2018-06-03_11-00.dump
/mn/backup/daily/postgres/postgres_2018-04-29_11-00.dump
/mn/backup/daily/postgres/postgres_2018-04-02_21:00:01.Monday.sql.bz2
/mn/backup/daily/postgres/postgres_2018-04-16_16-00.dump
/mn/backup/daily/postgres/postgres_2018-04-30_11-00.dump
/mn/backup/daily/postgres/postgres_2018-05-28_11-00.dump
/mn/backup/daily/postgres/postgres_2018-06-04_21-00.dump
/mn/backup/daily/postgres/postgres_2018-06-08_21-00.dump
/mn/backup/daily/postgres/postgres_2018-04-20_16-00.dump
/mn/backup/daily/postgres/postgres_2018-04-24_16-00.dump
/mn/backup/daily/postgres/postgres_2018-06-14_11-00.dump
/mn/backup/daily/postgres/postgres_2018-05-25_21-00.dump
/mn/backup/daily/postgres/postgres_2018-05-11_11-00.dump
/mn/backup/daily/postgres/postgres_2018-04-17_16-00.dump
/mn/backup/daily/postgres/postgres_2018-06-15_16-00.dump
/mn/backup/daily/postgres/postgres_2018-04-30_16-00.dump
/mn/backup/daily/postgres/postgres_2018-04-01_11:00:01.Sunday.sql.bz2
/mn/backup/daily/postgres/postgres_2018-06-14_16-00.dump
/mn/backup/daily/postgres/postgres_2018-05-11_21-00.dump
/mn/backup/daily/postgres/postgres_2018-05-06_11-00.dump
/mn/backup/daily/postgres/postgres_2018-06-13_16-00.dump
/mn/backup/daily/postgres/postgres_2018-06-06_16-00.dump
/mn/backup/daily/postgres/postgres_2018-04-23_16-00.dump
/mn/backup/daily/postgres/postgres_2018-06-10_16-00.dump
/mn/backup/daily/postgres/postgres_2018-04-12_21-00.dump
/mn/backup/daily/postgres/postgres_2018-03-28_21:00:01.Wednesday.sql.bz2
/mn/backup/daily/postgres/postgres_2018-06-19_11-00.dump
/mn/backup/daily/postgres/postgres_2018-06-19_21-00.dump
/mn/backup/daily/postgres/postgres_2018-04-12_16-00.dump
/mn/backup/daily/postgres/postgres_2018-04-15_11-00.dump
/mn/backup/daily/postgres/postgres_2018-04-06_11-00.dump
/mn/backup/daily/postgres/postgres_2018-05-16_21-00.dump
/mn/backup/daily/postgres/postgres_2018-05-30_11-00.dump
/mn/backup/daily/postgres/postgres_2018-06-15_11-00.dump
/mn/backup/daily/postgres/postgres_2018-05-10_21-00.dump
/mn/backup/daily/postgres/postgres_2018-05-16_16-00.dump
/mn/backup/daily/postgres/postgres_2018-04-19_21-00.dump
/mn/backup/daily/postgres/postgres_2018-04-17_21-00.dump
/mn/backup/daily/postgres/postgres_2018-05-22_16-00.dump
/mn/backup/daily/postgres/postgres_2018-05-15_16-00.dump
/mn/backup/daily/postgres/postgres_2018-05-30_21-00.dump
/mn/backup/daily/postgres/postgres_2018-04-22_16-00.dump
/mn/backup/daily/postgres/postgres_2018-05-07_16-00.dump
/mn/backup/daily/postgres/postgres_2018-06-20_11-00.dump
/mn/backup/daily/postgres/postgres_2018-05-17_21-00.dump
/mn/backup/daily/postgres/postgres_2018-05-31_11-00.dump
/mn/backup/daily/postgres/postgres_2018-04-08_11-00.dump
/mn/backup/daily/postgres/postgres_2018-06-17_21-00.dump
/mn/backup/daily/postgres/postgres_2018-06-11_16-00.dump
/mn/backup/daily/postgres/postgres_2018-04-13_21-00.dump
/mn/backup/daily/postgres/postgres_2018-05-14_16-00.dump
/mn/backup/daily/postgres/postgres_2018-04-05_21:00:01.Thursday.sql.bz2
/mn/backup/daily/postgres/postgres_2018-04-18_16-00.dump
/mn/backup/daily/postgres/postgres_2018-05-15_11-00.dump
/mn/backup/daily/postgres/postgres_2018-04-15_16-00.dump
/mn/backup/daily/postgres/postgres_2018-04-06_10-16.Friday.dump
/mn/backup/daily/postgres/postgres_2018-05-03_21-00.dump
/mn/backup/daily/postgres/postgres_2018-03-29_21:00:01.Thursday.sql.bz2
/mn/backup/daily/postgres/postgres_2018-06-17_16-00.dump
/mn/backup/daily/postgres/postgres_2018-04-11_16-00.dump
/mn/backup/daily/postgres/postgres_2018-05-18_16-00.dump
/mn/backup/daily/postgres/postgres_2018-06-13_11-00.dump
/mn/backup/daily/postgres/postgres_2018-04-08_21-00.dump
/mn/backup/daily/postgres/postgres_2018-05-30_16-00.dump
/mn/backup/daily/postgres/postgres_2018-04-06_10-40.dump
/mn/backup/daily/postgres/postgres_2018-04-03_21:00:01.Tuesday.sql.bz2
/mn/backup/daily/postgres/postgres_2018-05-24_16-00.dump
/mn/backup/daily/postgres/postgres_2018-05-14_11-00.dump
/mn/backup/daily/postgres/postgres_2018-05-29_21-00.dump
/mn/backup/daily/postgres/postgres_2018-05-24_11-00.dump
/mn/backup/daily/postgres/postgres_2018-05-20_21-00.dump
/mn/backup/daily/postgres/postgres_2018-05-24_21-00.dump
/mn/backup/daily/postgres/postgres_2018-06-01_11-00.dump
/mn/backup/daily/postgres/postgres_2018-04-27_11-00.dump
/mn/backup/daily/postgres/postgres_2018-05-10_16-00.dump
/mn/backup/daily/postgres/postgres_2018-04-09_21-00.dump
/mn/backup/daily/postgres/postgres_2018-06-21_21-00.dump
/mn/backup/daily/postgres/postgres_2018-04-20_11-00.dump
/mn/backup/daily/postgres/postgres_2018-05-10_11-00.dump
/mn/backup/daily/postgres/postgres_2018-03-29_11:00:01.Thursday.sql.bz2
/mn/backup/daily/postgres/postgres_2018-03-30_21:00:01.Friday.sql.bz2
/mn/backup/daily/postgres/postgres_2018-05-17_16-00.dump
/mn/backup/daily/postgres/postgres_2018-04-09_11-00.dump
/mn/backup/daily/postgres/postgres_2018-04-06_21-00.dump
/mn/backup/daily/postgres/postgres_2018-05-27_21-00.dump
/mn/backup/daily/postgres/postgres_2018-04-09_16-00.dump
/mn/backup/daily/postgres/postgres_2018-05-06_16-00.dump
/mn/backup/daily/postgres/postgres_2018-05-04_21-00.dump
/mn/backup/daily/postgres/postgres_2018-05-02_21-00.dump
/mn/backup/daily/postgres/postgres_2018-06-07_11-00.dump
/mn/backup/daily/postgres/postgres_2018-04-02_16:00:01.Monday.sql.bz2
/mn/backup/daily/postgres/postgres_2018-06-06_21-00.dump
/mn/backup/daily/postgres/postgres_2018-04-29_21-00.dump
/mn/backup/daily/postgres/postgres_2018-04-11_11-00.dump
/mn/backup/daily/postgres/postgres_2018-05-31_16-00.dump
/mn/backup/daily/postgres/postgres_2018-06-08_16-00.dump
/mn/backup/daily/postgres/postgres_2018-05-27_11-00.dump
/mn/backup/daily/postgres/postgres_2018-06-01_16-00.dump
/mn/backup/daily/postgres/postgres_2018-05-01_16-00.dump
/mn/backup/daily/postgres/postgres_2018-04-03_16:00:01.Tuesday.sql.bz2
/mn/backup/daily/postgres/postgres_2018-04-16_21-00.dump
/mn/backup/daily/postgres/postgres_2018-04-26_21-00.dump
/mn/backup/daily/postgres/postgres_2018-05-04_16-00.dump
/mn/backup/daily/postgres/postgres_2018-04-16_11-00.dump
/mn/backup/daily/postgres/postgres_2018-05-27_16-00.dump
/mn/backup/daily/postgres/postgres_2018-05-03_11-00.dump
/mn/backup/daily/postgres/postgres_2018-05-11_16-00.dump
/mn/backup/daily/postgres/postgres_2018-05-21_16-00.dump
/mn/backup/daily/postgres/postgres_2018-05-28_16-00.dump
/mn/backup/daily/postgres/postgres_2018-04-19_16-00.dump
/mn/backup/daily/postgres/postgres_2018-06-18_21-00.dump
/mn/backup/daily/postgres/postgres_2018-06-07_16-00.dump
/mn/backup/daily/postgres/postgres_2018-06-21_16-00.dump
/mn/backup/daily/postgres/postgres_2018-05-21_21-00.dump
/mn/backup/daily/postgres/postgres_2018-04-23_21-00.dump
/mn/backup/daily/postgres/postgres_2018-05-20_16-00.dump
/mn/backup/daily/postgres/postgres_2018-05-20_11-00.dump
/mn/backup/daily/postgres/postgres_2018-04-26_11-00.dump
/mn/backup/daily/postgres/postgres_2018-05-15_21-00.dump
/mn/backup/daily/postgres/postgres_2018-06-21_11-00.dump
/mn/backup/daily/postgres/postgres_2018-06-05_16-00.dump
/mn/backup/daily/postgres/postgres_2018-04-30_21-00.dump
/mn/backup/daily/postgres/postgres_2018-05-16_11-00.dump
/mn/backup/daily/postgres/postgres_2018-06-12_11-00.dump
/mn/backup/daily/postgres/postgres_2018-06-17_11-00.dump
/mn/backup/daily/postgres/postgres_2018-04-08_16-00.dump
/mn/backup/daily/postgres/postgres_2018-06-06_11-00.dump
/mn/backup/daily/postgres/postgres_2018-04-05_16:00:01.Thursday.sql.bz2
/mn/backup/daily/postgres/postgres_2018-06-18_11-00.dump
/mn/backup/daily/postgres/postgres_2018-04-25_11-00.dump
/mn/backup/daily/postgres/postgres_2018-04-22_11-00.dump
/mn/backup/daily/postgres/postgres_2018-05-23_16-00.dump
/mn/backup/daily/postgres/postgres_2018-06-05_11-00.dump
/mn/backup/daily/postgres/postgres_2018-04-10_21-00.dump
/mn/backup/daily/postgres/postgres_2018-05-07_11-00.dump
/mn/backup/daily/postgres/postgres_2018-04-29_16-00.dump
/mn/backup/daily/postgres/postgres_2018-05-23_11-00.dump
/mn/backup/daily/postgres/postgres_2018-06-15_21-00.dump
/mn/backup/daily/postgres/postgres_2018-05-25_16-00.dump
/mn/backup/daily/postgres/postgres_2018-04-23_11-00.dump
/mn/backup/daily/postgres/postgres_2018-05-21_11-00.dump
/mn/backup/daily/postgres/postgres_2018-05-01_21-00.dump
/mn/backup/daily/postgres/postgres_2018-04-27_21-00.dump
/mn/backup/daily/postgres/postgres_2018-04-11_21-00.dump
/mn/backup/daily/postgres/postgres_2018-06-05_21-00.dump
/mn/backup/daily/postgres/postgres_2018-04-25_21-00.dump
/mn/backup/daily/postgres/postgres_2018-04-01_21:00:01.Sunday.sql.bz2
/mn/backup/daily/postgres/postgres_2018-04-06_16-00.dump
/mn/backup/daily/postgres/postgres_2018-05-06_21-00.dump
/mn/backup/daily/postgres/postgres_2018-06-11_21-00.dump
/mn/backup/daily/postgres/postgres_2018-05-03_16-00.dump
/mn/backup/daily/postgres/postgres_2018-04-18_21-00.dump
/mn/backup/daily/postgres/postgres_2018-04-20_21-00.dump
/mn/backup/daily/postgres/postgres_2018-06-04_11-00.dump
/mn/backup/daily/postgres/postgres_2018-04-04_11:00:01.Wednesday.sql.bz2
/mn/backup/daily/postgres/postgres_2018-06-03_21-00.dump
/mn/backup/daily/postgres/postgres_2018-06-07_21-00.dump
/mn/backup/daily/postgres/postgres_2018-03-30_16:00:01.Friday.sql.bz2
/mn/backup/daily/postgres/postgres_2018-05-13_11-00.dump
/mn/backup/daily/postgres/postgres_2018-06-20_16-00.dump
/mn/backup/daily/postgres/postgres_2018-06-01_21-00.dump
/mn/backup/daily/postgres/postgres_2018-06-03_16-00.dump
/mn/backup/daily/postgres/postgres_2018-04-13_11-00.dump
/mn/backup/daily/postgres/postgres_2018-05-25_11-00.dump
/mn/backup/daily/postgres/postgres_2018-04-02_11:00:01.Monday.sql.bz2
/mn/backup/daily/postgres/postgres_2018-06-10_21-00.dump
/mn/backup/daily/postgres/postgres_2018-05-07_21-00.dump
/mn/backup/daily/postgres/postgres_2018-04-04_21:00:01.Wednesday.sql.bz2
/mn/backup/daily/postgres/postgres_2018-05-01_11-00.dump
/mn/backup/daily/postgres/postgres_2018-04-22_21-00.dump
/mn/backup/daily/postgres/postgres_2018-04-03_11:00:01.Tuesday.sql.bz2
/mn/backup/daily/postgres/postgres_2018-05-08_16-00.dump
/mn/backup/daily/postgres/postgres_2018-05-13_16-00.dump
/mn/backup/daily/postgres/postgres_2018-06-12_21-00.dump
/mn/backup/daily/postgres/postgres_2018-04-26_16-00.dump
/mn/backup/daily/postgres/postgres_2018-04-17_11-00.dump
/mn/backup/daily/postgres/postgres_2018-04-24_21-00.dump
/mn/backup/daily/postgres/postgres_2018-06-08_11-00.dump
/mn/backup/daily/postgres/postgres_2018-05-09_16-00.dump
/mn/backup/daily/postgres/postgres_2018-05-22_11-00.dump
/mn/backup/daily/postgres/postgres_2018-04-24_11-00.dump
/mn/backup/daily/postgres/postgres_2018-03-30_11:00:01.Friday.sql.bz2
/mn/backup/daily/postgres/postgres_2018-06-04_16-00.dump
/mn/backup/daily/postgres/postgres_2018-04-15_21-00.dump
/mn/backup/daily/postgres/postgres_2018-04-01_16:00:01.Sunday.sql.bz2
/mn/backup/daily/postgres/postgres_2018-05-29_16-00.dump
/mn/backup/daily/template1/template1_2018-04-10_21-00.dump
/mn/backup/daily/template1/template1_2018-05-29_21-00.dump
/mn/backup/daily/template1/template1_2018-06-12_11-00.dump
/mn/backup/daily/template1/template1_2018-04-24_21-00.dump
/mn/backup/daily/template1/template1_2018-05-22_21-00.dump
/mn/backup/daily/template1/template1_2018-03-28_21:00:01.Wednesday.sql.bz2
/mn/backup/daily/template1/template1_2018-04-27_11-00.dump
/mn/backup/daily/template1/template1_2018-06-07_21-00.dump
/mn/backup/daily/template1/template1_2018-04-19_11-00.dump
/mn/backup/daily/template1/template1_2018-04-17_11-00.dump
/mn/backup/daily/template1/template1_2018-05-02_16-00.dump
/mn/backup/daily/template1/template1_2018-05-31_21-00.dump
/mn/backup/daily/template1/template1_2018-05-13_11-00.dump
/mn/backup/daily/template1/template1_2018-03-30_21:00:01.Friday.sql.bz2
/mn/backup/daily/template1/template1_2018-06-18_16-00.dump
/mn/backup/daily/template1/template1_2018-03-30_11:00:01.Friday.sql.bz2
/mn/backup/daily/template1/template1_2018-04-08_11-00.dump
/mn/backup/daily/template1/template1_2018-05-23_21-00.dump
/mn/backup/daily/template1/template1_2018-06-06_16-00.dump
/mn/backup/daily/template1/template1_2018-06-11_21-00.dump
/mn/backup/daily/template1/template1_2018-06-20_21-00.dump
/mn/backup/daily/template1/template1_2018-05-01_16-00.dump
/mn/backup/daily/template1/template1_2018-06-11_11-00.dump
/mn/backup/daily/template1/template1_2018-05-28_11-00.dump
/mn/backup/daily/template1/template1_2018-03-29_21:00:01.Thursday.sql.bz2
/mn/backup/daily/template1/template1_2018-05-29_16-00.dump
/mn/backup/daily/template1/template1_2018-06-20_16-00.dump
/mn/backup/daily/template1/template1_2018-06-18_21-00.dump
/mn/backup/daily/template1/template1_2018-05-23_11-00.dump
/mn/backup/daily/template1/template1_2018-04-13_11-00.dump
/mn/backup/daily/template1/template1_2018-04-15_21-00.dump
/mn/backup/daily/template1/template1_2018-05-14_21-00.dump
/mn/backup/daily/template1/template1_2018-05-10_16-00.dump
/mn/backup/daily/template1/template1_2018-05-08_11-00.dump
/mn/backup/daily/template1/template1_2018-04-11_21-00.dump
/mn/backup/daily/template1/template1_2018-05-28_16-00.dump
/mn/backup/daily/template1/template1_2018-05-25_21-00.dump
/mn/backup/daily/template1/template1_2018-05-11_11-00.dump
/mn/backup/daily/template1/template1_2018-05-11_16-00.dump
/mn/backup/daily/template1/template1_2018-05-17_16-00.dump
/mn/backup/daily/template1/template1_2018-05-20_21-00.dump
/mn/backup/daily/template1/template1_2018-04-20_11-00.dump
/mn/backup/daily/template1/template1_2018-06-07_16-00.dump
/mn/backup/daily/template1/template1_2018-04-29_11-00.dump
/mn/backup/daily/template1/template1_2018-06-04_16-00.dump
/mn/backup/daily/template1/template1_2018-04-04_11:00:01.Wednesday.sql.bz2
/mn/backup/daily/template1/template1_2018-03-29_11:00:01.Thursday.sql.bz2
/mn/backup/daily/template1/template1_2018-04-06_10-30.Friday.dump
/mn/backup/daily/template1/template1_2018-06-11_16-00.dump
/mn/backup/daily/template1/template1_2018-04-23_16-00.dump
/mn/backup/daily/template1/template1_2018-04-13_16-00.dump
/mn/backup/daily/template1/template1_2018-06-10_16-00.dump
/mn/backup/daily/template1/template1_2018-05-18_11-00.dump
/mn/backup/daily/template1/template1_2018-05-06_16-00.dump
/mn/backup/daily/template1/template1_2018-06-20_11-00.dump
/mn/backup/daily/template1/template1_2018-06-15_11-00.dump
/mn/backup/daily/template1/template1_2018-05-23_16-00.dump
/mn/backup/daily/template1/template1_2018-05-02_21-00.dump
/mn/backup/daily/template1/template1_2018-06-03_11-00.dump
/mn/backup/daily/template1/template1_2018-04-19_21-00.dump
/mn/backup/daily/template1/template1_2018-05-22_11-00.dump
/mn/backup/daily/template1/template1_2018-05-09_16-00.dump
/mn/backup/daily/template1/template1_2018-05-27_11-00.dump
/mn/backup/daily/template1/template1_2018-04-15_11-00.dump
/mn/backup/daily/template1/template1_2018-05-08_16-00.dump
/mn/backup/daily/template1/template1_2018-06-13_21-00.dump
/mn/backup/daily/template1/template1_2018-04-05_21:00:01.Thursday.sql.bz2
/mn/backup/daily/template1/template1_2018-04-25_21-00.dump
/mn/backup/daily/template1/template1_2018-05-21_16-00.dump
/mn/backup/daily/template1/template1_2018-04-03_21:00:01.Tuesday.sql.bz2
/mn/backup/daily/template1/template1_2018-05-30_21-00.dump
/mn/backup/daily/template1/template1_2018-04-09_21-00.dump
/mn/backup/daily/template1/template1_2018-04-10_11-00.dump
/mn/backup/daily/template1/template1_2018-04-27_21-00.dump
/mn/backup/daily/template1/template1_2018-06-10_21-00.dump
/mn/backup/daily/template1/template1_2018-04-18_16-00.dump
/mn/backup/daily/template1/template1_2018-04-18_21-00.dump
/mn/backup/daily/template1/template1_2018-06-12_21-00.dump
/mn/backup/daily/template1/template1_2018-04-17_21-00.dump
/mn/backup/daily/template1/template1_2018-05-18_21-00.dump
/mn/backup/daily/template1/template1_2018-06-03_16-00.dump
/mn/backup/daily/template1/template1_2018-04-30_11-00.dump
/mn/backup/daily/template1/template1_2018-05-20_16-00.dump
/mn/backup/daily/template1/template1_2018-05-29_11-00.dump
/mn/backup/daily/template1/template1_2018-04-04_16:00:01.Wednesday.sql.bz2
/mn/backup/daily/template1/template1_2018-05-21_21-00.dump
/mn/backup/daily/template1/template1_2018-05-31_16-00.dump
/mn/backup/daily/template1/template1_2018-04-02_16:00:01.Monday.sql.bz2
/mn/backup/daily/template1/template1_2018-06-07_11-00.dump
/mn/backup/daily/template1/template1_2018-04-16_11-00.dump
/mn/backup/daily/template1/template1_2018-04-05_16:00:01.Thursday.sql.bz2
/mn/backup/daily/template1/template1_2018-04-18_11-00.dump
/mn/backup/daily/template1/template1_2018-04-16_21-00.dump
/mn/backup/daily/template1/template1_2018-04-23_11-00.dump
/mn/backup/daily/template1/template1_2018-06-12_16-00.dump
/mn/backup/daily/template1/template1_2018-05-13_21-00.dump
/mn/backup/daily/template1/template1_2018-05-13_16-00.dump
/mn/backup/daily/template1/template1_2018-06-01_16-00.dump
/mn/backup/daily/template1/template1_2018-06-01_11-00.dump
/mn/backup/daily/template1/template1_2018-06-05_16-00.dump
/mn/backup/daily/template1/template1_2018-06-18_11-00.dump
/mn/backup/daily/template1/template1_2018-04-12_16-00.dump
/mn/backup/daily/template1/template1_2018-06-19_11-00.dump
/mn/backup/daily/template1/template1_2018-05-01_11-00.dump
/mn/backup/daily/template1/template1_2018-06-08_11-00.dump
/mn/backup/daily/template1/template1_2018-04-08_21-00.dump
/mn/backup/daily/template1/template1_2018-05-04_16-00.dump
/mn/backup/daily/template1/template1_2018-04-27_16-00.dump
/mn/backup/daily/template1/template1_2018-04-10_16-00.dump
/mn/backup/daily/template1/template1_2018-05-28_21-00.dump
/mn/backup/daily/template1/template1_2018-04-11_11-00.dump
/mn/backup/daily/template1/template1_2018-03-28_16:00:01.Wednesday.sql.bz2
/mn/backup/daily/template1/template1_2018-05-03_21-00.dump
/mn/backup/daily/template1/template1_2018-04-25_16-00.dump
/mn/backup/daily/template1/template1_2018-04-01_21:00:01.Sunday.sql.bz2
/mn/backup/daily/template1/template1_2018-06-17_16-00.dump
/mn/backup/daily/template1/template1_2018-04-24_11-00.dump
/mn/backup/daily/template1/template1_2018-06-05_21-00.dump
/mn/backup/daily/template1/template1_2018-04-02_11:00:01.Monday.sql.bz2
/mn/backup/daily/template1/template1_2018-06-08_16-00.dump
/mn/backup/daily/template1/template1_2018-04-12_11-00.dump
/mn/backup/daily/template1/template1_2018-05-07_11-00.dump
/mn/backup/daily/template1/template1_2018-05-31_11-00.dump
/mn/backup/daily/template1/template1_2018-04-30_21-00.dump
/mn/backup/daily/template1/template1_2018-06-15_21-00.dump
/mn/backup/daily/template1/template1_2018-04-06_10-16.Friday.dump
/mn/backup/daily/template1/template1_2018-04-08_16-00.dump
/mn/backup/daily/template1/template1_2018-04-29_21-00.dump
/mn/backup/daily/template1/template1_2018-06-10_11-00.dump
/mn/backup/daily/template1/template1_2018-04-06_10-40.dump
/mn/backup/daily/template1/template1_2018-04-20_21-00.dump
/mn/backup/daily/template1/template1_2018-05-21_11-00.dump
/mn/backup/daily/template1/template1_2018-04-06_11-00.dump
/mn/backup/daily/template1/template1_2018-06-06_21-00.dump
/mn/backup/daily/template1/template1_2018-05-02_11-00.dump
/mn/backup/daily/template1/template1_2018-04-06_16-00.dump
/mn/backup/daily/template1/template1_2018-05-16_11-00.dump
/mn/backup/daily/template1/template1_2018-05-07_16-00.dump
/mn/backup/daily/template1/template1_2018-05-17_11-00.dump
/mn/backup/daily/template1/template1_2018-05-14_16-00.dump
/mn/backup/daily/template1/template1_2018-05-16_16-00.dump
/mn/backup/daily/template1/template1_2018-04-22_21-00.dump
/mn/backup/daily/template1/template1_2018-05-25_11-00.dump
/mn/backup/daily/template1/template1_2018-05-24_11-00.dump
/mn/backup/daily/template1/template1_2018-06-01_21-00.dump
/mn/backup/daily/template1/template1_2018-06-13_16-00.dump
/mn/backup/daily/template1/template1_2018-05-03_16-00.dump
/mn/backup/daily/template1/template1_2018-06-21_16-00.dump
/mn/backup/daily/template1/template1_2018-04-19_16-00.dump
/mn/backup/daily/template1/template1_2018-06-19_16-00.dump
/mn/backup/daily/template1/template1_2018-04-03_11:00:01.Tuesday.sql.bz2
/mn/backup/daily/template1/template1_2018-06-17_21-00.dump
/mn/backup/daily/template1/template1_2018-04-26_16-00.dump
/mn/backup/daily/template1/template1_2018-06-08_21-00.dump
/mn/backup/daily/template1/template1_2018-05-06_11-00.dump
/mn/backup/daily/template1/template1_2018-04-03_16:00:01.Tuesday.sql.bz2
/mn/backup/daily/template1/template1_2018-04-13_21-00.dump
/mn/backup/daily/template1/template1_2018-06-04_21-00.dump
/mn/backup/daily/template1/template1_2018-05-01_21-00.dump
/mn/backup/daily/template1/template1_2018-05-18_16-00.dump
/mn/backup/daily/template1/template1_2018-04-05_11:00:01.Thursday.sql.bz2
/mn/backup/daily/template1/template1_2018-05-25_16-00.dump
/mn/backup/daily/template1/template1_2018-04-09_11-00.dump
/mn/backup/daily/template1/template1_2018-04-30_16-00.dump
/mn/backup/daily/template1/template1_2018-05-27_16-00.dump
/mn/backup/daily/template1/template1_2018-06-14_16-00.dump
/mn/backup/daily/template1/template1_2018-05-11_21-00.dump
/mn/backup/daily/template1/template1_2018-04-22_11-00.dump
/mn/backup/daily/template1/template1_2018-04-09_16-00.dump
/mn/backup/daily/template1/template1_2018-05-15_11-00.dump
/mn/backup/daily/template1/template1_2018-04-11_16-00.dump
/mn/backup/daily/template1/template1_2018-05-14_11-00.dump
/mn/backup/daily/template1/template1_2018-06-14_11-00.dump
/mn/backup/daily/template1/template1_2018-06-21_21-00.dump
/mn/backup/daily/template1/template1_2018-05-27_21-00.dump
/mn/backup/daily/template1/template1_2018-05-30_11-00.dump
/mn/backup/daily/template1/template1_2018-05-08_21-00.dump
/mn/backup/daily/template1/template1_2018-05-09_11-00.dump
/mn/backup/daily/template1/template1_2018-05-04_11-00.dump
/mn/backup/daily/template1/template1_2018-05-03_11-00.dump
/mn/backup/daily/template1/template1_2018-06-19_21-00.dump
/mn/backup/daily/template1/template1_2018-04-25_11-00.dump
/mn/backup/daily/template1/template1_2018-05-09_21-00.dump
/mn/backup/daily/template1/template1_2018-06-14_21-00.dump
/mn/backup/daily/template1/template1_2018-05-24_16-00.dump
/mn/backup/daily/template1/template1_2018-06-17_11-00.dump
/mn/backup/daily/template1/template1_2018-04-01_16:00:01.Sunday.sql.bz2
/mn/backup/daily/template1/template1_2018-04-04_21:00:01.Wednesday.sql.bz2
/mn/backup/daily/template1/template1_2018-04-20_16-00.dump
/mn/backup/daily/template1/template1_2018-06-05_11-00.dump
/mn/backup/daily/template1/template1_2018-05-24_21-00.dump
/mn/backup/daily/template1/template1_2018-05-15_16-00.dump
/mn/backup/daily/template1/template1_2018-04-01_11:00:01.Sunday.sql.bz2
/mn/backup/daily/template1/template1_2018-04-22_16-00.dump
/mn/backup/daily/template1/template1_2018-05-15_21-00.dump
/mn/backup/daily/template1/template1_2018-04-26_21-00.dump
/mn/backup/daily/template1/template1_2018-05-10_11-00.dump
/mn/backup/daily/template1/template1_2018-05-06_21-00.dump
/mn/backup/daily/template1/template1_2018-06-13_11-00.dump
/mn/backup/daily/template1/template1_2018-04-15_16-00.dump
/mn/backup/daily/template1/template1_2018-05-10_21-00.dump
/mn/backup/daily/template1/template1_2018-04-06_21-00.dump
/mn/backup/daily/template1/template1_2018-05-16_21-00.dump
/mn/backup/daily/template1/template1_2018-04-02_21:00:01.Monday.sql.bz2
/mn/backup/daily/template1/template1_2018-05-07_21-00.dump
/mn/backup/daily/template1/template1_2018-04-16_16-00.dump
/mn/backup/daily/template1/template1_2018-05-22_16-00.dump
/mn/backup/daily/template1/template1_2018-06-06_11-00.dump
/mn/backup/daily/template1/template1_2018-04-26_11-00.dump
/mn/backup/daily/template1/template1_2018-06-03_21-00.dump
/mn/backup/daily/template1/template1_2018-06-15_16-00.dump
/mn/backup/daily/template1/template1_2018-04-24_16-00.dump
/mn/backup/daily/template1/template1_2018-03-29_16:00:02.Thursday.sql.bz2
/mn/backup/daily/template1/template1_2018-05-04_21-00.dump
/mn/backup/daily/template1/template1_2018-04-23_21-00.dump
/mn/backup/daily/template1/template1_2018-06-04_11-00.dump
/mn/backup/daily/template1/template1_2018-06-21_11-00.dump
/mn/backup/daily/template1/template1_2018-05-17_21-00.dump
/mn/backup/daily/template1/template1_2018-04-12_21-00.dump
/mn/backup/daily/template1/template1_2018-05-20_11-00.dump
/mn/backup/daily/template1/template1_2018-03-30_16:00:01.Friday.sql.bz2
/mn/backup/daily/template1/template1_2018-04-17_16-00.dump
/mn/backup/daily/template1/template1_2018-04-29_16-00.dump
/mn/backup/daily/template1/template1_2018-05-30_16-00.dump
/mn/backup/daily/graphite/graphite_2018-05-14_11-00.dump
/mn/backup/daily/graphite/graphite_2018-05-18_21-00.dump
/mn/backup/daily/graphite/graphite_2018-06-05_11-00.dump
/mn/backup/daily/graphite/graphite_2018-04-17_21-00.dump
/mn/backup/daily/graphite/graphite_2018-04-11_16-00.dump
/mn/backup/daily/graphite/graphite_2018-05-30_21-00.dump
/mn/backup/daily/graphite/graphite_2018-05-29_11-00.dump
/mn/backup/daily/graphite/graphite_2018-06-06_16-00.dump
/mn/backup/daily/graphite/graphite_2018-05-14_21-00.dump
/mn/backup/daily/graphite/graphite_2018-04-20_11-00.dump
/mn/backup/daily/graphite/graphite_2018-04-18_21-00.dump
/mn/backup/daily/graphite/graphite_2018-04-23_21-00.dump
/mn/backup/daily/graphite/graphite_2018-06-12_21-00.dump
/mn/backup/daily/graphite/graphite_2018-05-23_11-00.dump
/mn/backup/daily/graphite/graphite_2018-04-12_21-00.dump
/mn/backup/daily/graphite/graphite_2018-06-18_11-00.dump
/mn/backup/daily/graphite/graphite_2018-05-11_21-00.dump
/mn/backup/daily/graphite/graphite_2018-03-29_11:00:01.Thursday.sql.bz2
/mn/backup/daily/graphite/graphite_2018-06-01_11-00.dump
/mn/backup/daily/graphite/graphite_2018-05-06_21-00.dump
/mn/backup/daily/graphite/graphite_2018-05-02_16-00.dump
/mn/backup/daily/graphite/graphite_2018-06-06_21-00.dump
/mn/backup/daily/graphite/graphite_2018-04-24_21-00.dump
/mn/backup/daily/graphite/graphite_2018-05-27_21-00.dump
/mn/backup/daily/graphite/graphite_2018-04-20_21-00.dump
/mn/backup/daily/graphite/graphite_2018-05-09_21-00.dump
/mn/backup/daily/graphite/graphite_2018-05-22_11-00.dump
/mn/backup/daily/graphite/graphite_2018-04-18_11-00.dump
/mn/backup/daily/graphite/graphite_2018-05-04_16-00.dump
/mn/backup/daily/graphite/graphite_2018-06-01_21-00.dump
/mn/backup/daily/graphite/graphite_2018-03-28_16:00:01.Wednesday.sql.bz2
/mn/backup/daily/graphite/graphite_2018-05-09_11-00.dump
/mn/backup/daily/graphite/graphite_2018-03-30_21:00:01.Friday.sql.bz2
/mn/backup/daily/graphite/graphite_2018-05-31_21-00.dump
/mn/backup/daily/graphite/graphite_2018-03-30_11:00:01.Friday.sql.bz2
/mn/backup/daily/graphite/graphite_2018-04-24_16-00.dump
/mn/backup/daily/graphite/graphite_2018-04-11_21-00.dump
/mn/backup/daily/graphite/graphite_2018-06-19_16-00.dump
/mn/backup/daily/graphite/graphite_2018-04-30_16-00.dump
/mn/backup/daily/graphite/graphite_2018-05-16_21-00.dump
/mn/backup/daily/graphite/graphite_2018-06-07_21-00.dump
/mn/backup/daily/graphite/graphite_2018-04-25_11-00.dump
/mn/backup/daily/graphite/graphite_2018-05-18_16-00.dump
/mn/backup/daily/graphite/graphite_2018-05-28_21-00.dump
/mn/backup/daily/graphite/graphite_2018-05-29_21-00.dump
/mn/backup/daily/graphite/graphite_2018-06-15_11-00.dump
/mn/backup/daily/graphite/graphite_2018-04-23_16-00.dump
/mn/backup/daily/graphite/graphite_2018-04-16_21-00.dump
/mn/backup/daily/graphite/graphite_2018-04-27_16-00.dump
/mn/backup/daily/graphite/graphite_2018-05-06_11-00.dump
/mn/backup/daily/graphite/graphite_2018-05-08_21-00.dump
/mn/backup/daily/graphite/graphite_2018-06-20_16-00.dump
/mn/backup/daily/graphite/graphite_2018-06-01_16-00.dump
/mn/backup/daily/graphite/graphite_2018-06-11_11-00.dump
/mn/backup/daily/graphite/graphite_2018-04-10_11-00.dump
/mn/backup/daily/graphite/graphite_2018-04-29_16-00.dump
/mn/backup/daily/graphite/graphite_2018-05-16_16-00.dump
/mn/backup/daily/graphite/graphite_2018-04-04_16:00:01.Wednesday.sql.bz2
/mn/backup/daily/graphite/graphite_2018-04-15_16-00.dump
/mn/backup/daily/graphite/graphite_2018-04-09_16-00.dump
/mn/backup/daily/graphite/graphite_2018-05-15_16-00.dump
/mn/backup/daily/graphite/graphite_2018-04-06_10-16.Friday.dump
/mn/backup/daily/graphite/graphite_2018-05-17_21-00.dump
/mn/backup/daily/graphite/graphite_2018-05-31_11-00.dump
/mn/backup/daily/graphite/graphite_2018-05-10_21-00.dump
/mn/backup/daily/graphite/graphite_2018-05-15_21-00.dump
/mn/backup/daily/graphite/graphite_2018-06-08_21-00.dump
/mn/backup/daily/graphite/graphite_2018-04-26_11-00.dump
/mn/backup/daily/graphite/graphite_2018-06-20_21-00.dump
/mn/backup/daily/graphite/graphite_2018-04-30_21-00.dump
/mn/backup/daily/graphite/graphite_2018-05-22_16-00.dump
/mn/backup/daily/graphite/graphite_2018-06-19_11-00.dump
/mn/backup/daily/graphite/graphite_2018-05-21_16-00.dump
/mn/backup/daily/graphite/graphite_2018-04-08_21-00.dump
/mn/backup/daily/graphite/graphite_2018-06-21_11-00.dump
/mn/backup/daily/graphite/graphite_2018-06-10_16-00.dump
/mn/backup/daily/graphite/graphite_2018-05-28_11-00.dump
/mn/backup/daily/graphite/graphite_2018-05-28_16-00.dump
/mn/backup/daily/graphite/graphite_2018-06-08_16-00.dump
/mn/backup/daily/graphite/graphite_2018-06-08_11-00.dump
/mn/backup/daily/graphite/graphite_2018-06-03_11-00.dump
/mn/backup/daily/graphite/graphite_2018-05-17_16-00.dump
/mn/backup/daily/graphite/graphite_2018-06-03_21-00.dump
/mn/backup/daily/graphite/graphite_2018-06-12_11-00.dump
/mn/backup/daily/graphite/graphite_2018-06-15_21-00.dump
/mn/backup/daily/graphite/graphite_2018-05-13_16-00.dump
/mn/backup/daily/graphite/graphite_2018-06-03_16-00.dump
/mn/backup/daily/graphite/graphite_2018-03-29_16:00:02.Thursday.sql.bz2
/mn/backup/daily/graphite/graphite_2018-04-10_16-00.dump
/mn/backup/daily/graphite/graphite_2018-05-25_11-00.dump
/mn/backup/daily/graphite/graphite_2018-06-17_21-00.dump
/mn/backup/daily/graphite/graphite_2018-05-23_21-00.dump
/mn/backup/daily/graphite/graphite_2018-04-19_21-00.dump
/mn/backup/daily/graphite/graphite_2018-06-07_11-00.dump
/mn/backup/daily/graphite/graphite_2018-04-09_11-00.dump
/mn/backup/daily/graphite/graphite_2018-04-05_11:00:01.Thursday.sql.bz2
/mn/backup/daily/graphite/graphite_2018-04-20_16-00.dump
/mn/backup/daily/graphite/graphite_2018-04-25_16-00.dump
/mn/backup/daily/graphite/graphite_2018-03-30_16:00:01.Friday.sql.bz2
/mn/backup/daily/graphite/graphite_2018-04-27_11-00.dump
/mn/backup/daily/graphite/graphite_2018-04-22_21-00.dump
/mn/backup/daily/graphite/graphite_2018-05-15_11-00.dump
/mn/backup/daily/graphite/graphite_2018-06-13_16-00.dump
/mn/backup/daily/graphite/graphite_2018-05-01_11-00.dump
/mn/backup/daily/graphite/graphite_2018-04-29_21-00.dump
/mn/backup/daily/graphite/graphite_2018-05-04_11-00.dump
/mn/backup/daily/graphite/graphite_2018-04-12_16-00.dump
/mn/backup/daily/graphite/graphite_2018-06-21_16-00.dump
/mn/backup/daily/graphite/graphite_2018-04-17_11-00.dump
/mn/backup/daily/graphite/graphite_2018-04-03_11:00:01.Tuesday.sql.bz2
/mn/backup/daily/graphite/graphite_2018-04-03_21:00:01.Tuesday.sql.bz2
/mn/backup/daily/graphite/graphite_2018-05-08_11-00.dump
/mn/backup/daily/graphite/graphite_2018-04-01_11:00:01.Sunday.sql.bz2
/mn/backup/daily/graphite/graphite_2018-05-30_16-00.dump
/mn/backup/daily/graphite/graphite_2018-05-01_16-00.dump
/mn/backup/daily/graphite/graphite_2018-03-29_21:00:01.Thursday.sql.bz2
/mn/backup/daily/graphite/graphite_2018-05-24_21-00.dump
/mn/backup/daily/graphite/graphite_2018-04-30_11-00.dump
/mn/backup/daily/graphite/graphite_2018-04-12_11-00.dump
/mn/backup/daily/graphite/graphite_2018-04-02_21:00:01.Monday.sql.bz2
/mn/backup/daily/graphite/graphite_2018-05-24_11-00.dump
/mn/backup/daily/graphite/graphite_2018-06-17_11-00.dump
/mn/backup/daily/graphite/graphite_2018-05-02_21-00.dump
/mn/backup/daily/graphite/graphite_2018-05-21_11-00.dump
/mn/backup/daily/graphite/graphite_2018-04-02_16:00:01.Monday.sql.bz2
/mn/backup/daily/graphite/graphite_2018-04-01_16:00:01.Sunday.sql.bz2
/mn/backup/daily/graphite/graphite_2018-05-29_16-00.dump
/mn/backup/daily/graphite/graphite_2018-05-16_11-00.dump
/mn/backup/daily/graphite/graphite_2018-05-03_21-00.dump
/mn/backup/daily/graphite/graphite_2018-04-06_21-00.dump
/mn/backup/daily/graphite/graphite_2018-05-21_21-00.dump
/mn/backup/daily/graphite/graphite_2018-04-05_16:00:01.Thursday.sql.bz2
/mn/backup/daily/graphite/graphite_2018-06-04_16-00.dump
/mn/backup/daily/graphite/graphite_2018-06-14_16-00.dump
/mn/backup/daily/graphite/graphite_2018-05-06_16-00.dump
/mn/backup/daily/graphite/graphite_2018-06-20_11-00.dump
/mn/backup/daily/graphite/graphite_2018-05-18_11-00.dump
/mn/backup/daily/graphite/graphite_2018-04-22_11-00.dump
/mn/backup/daily/graphite/graphite_2018-05-14_16-00.dump
/mn/backup/daily/graphite/graphite_2018-05-27_16-00.dump
/mn/backup/daily/graphite/graphite_2018-06-06_11-00.dump
/mn/backup/daily/graphite/graphite_2018-04-06_11-00.dump
/mn/backup/daily/graphite/graphite_2018-06-04_21-00.dump
/mn/backup/daily/graphite/graphite_2018-04-16_16-00.dump
/mn/backup/daily/graphite/graphite_2018-05-31_16-00.dump
/mn/backup/daily/graphite/graphite_2018-04-24_11-00.dump
/mn/backup/daily/graphite/graphite_2018-06-14_11-00.dump
/mn/backup/daily/graphite/graphite_2018-06-13_11-00.dump
/mn/backup/daily/graphite/graphite_2018-05-01_21-00.dump
/mn/backup/daily/graphite/graphite_2018-06-18_16-00.dump
/mn/backup/daily/graphite/graphite_2018-05-04_21-00.dump
/mn/backup/daily/graphite/graphite_2018-06-05_16-00.dump
/mn/backup/daily/graphite/graphite_2018-04-15_21-00.dump
/mn/backup/daily/graphite/graphite_2018-04-26_16-00.dump
/mn/backup/daily/graphite/graphite_2018-03-28_21:00:01.Wednesday.sql.bz2
/mn/backup/daily/graphite/graphite_2018-05-07_11-00.dump
/mn/backup/daily/graphite/graphite_2018-04-19_11-00.dump
/mn/backup/daily/graphite/graphite_2018-04-11_11-00.dump
/mn/backup/daily/graphite/graphite_2018-04-08_16-00.dump
/mn/backup/daily/graphite/graphite_2018-06-13_21-00.dump
/mn/backup/daily/graphite/graphite_2018-06-21_21-00.dump
/mn/backup/daily/graphite/graphite_2018-04-29_11-00.dump
/mn/backup/daily/graphite/graphite_2018-05-25_16-00.dump
/mn/backup/daily/graphite/graphite_2018-06-07_16-00.dump
/mn/backup/daily/graphite/graphite_2018-04-06_16-00.dump
/mn/backup/daily/graphite/graphite_2018-05-03_11-00.dump
/mn/backup/daily/graphite/graphite_2018-06-10_21-00.dump
/mn/backup/daily/graphite/graphite_2018-04-08_11-00.dump
/mn/backup/daily/graphite/graphite_2018-06-19_21-00.dump
/mn/backup/daily/graphite/graphite_2018-04-13_16-00.dump
/mn/backup/daily/graphite/graphite_2018-04-10_21-00.dump
/mn/backup/daily/graphite/graphite_2018-06-14_21-00.dump
/mn/backup/daily/graphite/graphite_2018-04-22_16-00.dump
/mn/backup/daily/graphite/graphite_2018-04-27_21-00.dump
/mn/backup/daily/graphite/graphite_2018-05-02_11-00.dump
/mn/backup/daily/graphite/graphite_2018-04-13_21-00.dump
/mn/backup/daily/graphite/graphite_2018-04-23_11-00.dump
/mn/backup/daily/graphite/graphite_2018-04-04_11:00:01.Wednesday.sql.bz2
/mn/backup/daily/graphite/graphite_2018-05-07_21-00.dump
/mn/backup/daily/graphite/graphite_2018-04-06_10-40.dump
/mn/backup/daily/graphite/graphite_2018-06-12_16-00.dump
/mn/backup/daily/graphite/graphite_2018-04-02_11:00:01.Monday.sql.bz2
/mn/backup/daily/graphite/graphite_2018-06-10_11-00.dump
/mn/backup/daily/graphite/graphite_2018-06-18_21-00.dump
/mn/backup/daily/graphite/graphite_2018-05-03_16-00.dump
/mn/backup/daily/graphite/graphite_2018-05-11_11-00.dump
/mn/backup/daily/graphite/graphite_2018-04-18_16-00.dump
/mn/backup/daily/graphite/graphite_2018-05-27_11-00.dump
/mn/backup/daily/graphite/graphite_2018-04-01_21:00:01.Sunday.sql.bz2
/mn/backup/daily/graphite/graphite_2018-05-13_11-00.dump
/mn/backup/daily/graphite/graphite_2018-05-30_11-00.dump
/mn/backup/daily/graphite/graphite_2018-05-22_21-00.dump
/mn/backup/daily/graphite/graphite_2018-04-17_16-00.dump
/mn/backup/daily/graphite/graphite_2018-04-19_16-00.dump
/mn/backup/daily/graphite/graphite_2018-04-04_21:00:01.Wednesday.sql.bz2
/mn/backup/daily/graphite/graphite_2018-05-20_11-00.dump
/mn/backup/daily/graphite/graphite_2018-05-20_21-00.dump
/mn/backup/daily/graphite/graphite_2018-05-10_11-00.dump
/mn/backup/daily/graphite/graphite_2018-06-17_16-00.dump
/mn/backup/daily/graphite/graphite_2018-04-15_11-00.dump
/mn/backup/daily/graphite/graphite_2018-06-05_21-00.dump
/mn/backup/daily/graphite/graphite_2018-04-13_11-00.dump
/mn/backup/daily/graphite/graphite_2018-05-24_16-00.dump
/mn/backup/daily/graphite/graphite_2018-05-11_16-00.dump
/mn/backup/daily/graphite/graphite_2018-06-15_16-00.dump
/mn/backup/daily/graphite/graphite_2018-05-20_16-00.dump
/mn/backup/daily/graphite/graphite_2018-06-11_16-00.dump
/mn/backup/daily/graphite/graphite_2018-05-25_21-00.dump
/mn/backup/daily/graphite/graphite_2018-05-10_16-00.dump
/mn/backup/daily/graphite/graphite_2018-04-03_16:00:01.Tuesday.sql.bz2
/mn/backup/daily/graphite/graphite_2018-05-13_21-00.dump
/mn/backup/daily/graphite/graphite_2018-04-25_21-00.dump
/mn/backup/daily/graphite/graphite_2018-05-17_11-00.dump
/mn/backup/daily/graphite/graphite_2018-05-08_16-00.dump
/mn/backup/daily/graphite/graphite_2018-04-26_21-00.dump
/mn/backup/daily/graphite/graphite_2018-06-04_11-00.dump
/mn/backup/daily/graphite/graphite_2018-05-07_16-00.dump
/mn/backup/daily/graphite/graphite_2018-04-09_21-00.dump
/mn/backup/daily/graphite/graphite_2018-04-16_11-00.dump
/mn/backup/daily/graphite/graphite_2018-05-23_16-00.dump
/mn/backup/daily/graphite/graphite_2018-06-11_21-00.dump
/mn/backup/daily/graphite/graphite_2018-05-09_16-00.dump
/mn/backup/daily/graphite/graphite_2018-04-05_21:00:01.Thursday.sql.bz2
/mn/backup/daily/graphite/graphite_2018-04-06_10-30.Friday.dump
/mn/backup/daily/grafana/grafana_2018-06-21_21-00.dump
/mn/backup/daily/grafana/grafana_2018-06-20_11-00.dump
/mn/backup/daily/grafana/grafana_2018-06-20_21-00.dump
/mn/backup/daily/grafana/grafana_2018-06-19_16-00.dump
/mn/backup/daily/grafana/grafana_2018-06-17_16-00.dump
/mn/backup/daily/grafana/grafana_2018-06-21_11-00.dump
/mn/backup/daily/grafana/grafana_2018-06-15_21-00.dump
/mn/backup/daily/grafana/grafana_2018-06-17_21-00.dump
/mn/backup/daily/grafana/grafana_2018-06-19_21-00.dump
/mn/backup/daily/grafana/grafana_2018-06-18_16-00.dump
/mn/backup/daily/grafana/grafana_2018-06-15_16-00.dump
/mn/backup/daily/grafana/grafana_2018-06-18_21-00.dump
/mn/backup/daily/grafana/grafana_2018-06-17_11-00.dump
/mn/backup/daily/grafana/grafana_2018-06-19_11-00.dump
/mn/backup/daily/grafana/grafana_2018-06-20_16-00.dump
/mn/backup/daily/grafana/grafana_2018-06-18_11-00.dump
/mn/backup/daily/grafana/grafana_2018-06-21_16-00.dump
/mn/backup/weekly
/mn/backup/weekly/postgres/postgres_week.19.2018-05-12_16-00.sql
/mn/backup/weekly/postgres/postgres_week.22.2018-06-02_11-00.sql
/mn/backup/weekly/postgres/postgres_week.21.2018-05-26_16-00.sql
/mn/backup/weekly/postgres/postgres_week.14.2018-04-07_11-00.sql
/mn/backup/weekly/postgres/postgres_week.11.2018-03-17_16:00:01.sql.bz2
/mn/backup/weekly/postgres/postgres_week.15.2018-04-14_11-00.sql
/mn/backup/weekly/postgres/postgres_week.17.2018-04-28_11-00.sql
/mn/backup/weekly/postgres/postgres_week.23.2018-06-09_11-00.sql
/mn/backup/weekly/postgres/postgres_week.13.2018-03-31_11:00:01.sql.bz2
/mn/backup/weekly/postgres/postgres_week.14.2018-04-07_16-00.sql
/mn/backup/weekly/postgres/postgres_week.17.2018-04-28_21-00.sql
/mn/backup/weekly/postgres/postgres_week.19.2018-05-12_21-00.sql
/mn/backup/weekly/postgres/postgres_week.12.2018-03-24_16:00:01.sql.bz2
/mn/backup/weekly/postgres/postgres_week.21.2018-05-26_11-00.sql
/mn/backup/weekly/postgres/postgres_week.18.2018-05-05_16-00.sql
/mn/backup/weekly/postgres/postgres_week.22.2018-06-02_21-00.sql
/mn/backup/weekly/postgres/postgres_week.23.2018-06-09_21-00.sql
/mn/backup/weekly/postgres/postgres_week.22.2018-06-02_16-00.sql
/mn/backup/weekly/postgres/postgres_week.11.2018-03-17_11:00:01.sql.bz2
/mn/backup/weekly/postgres/postgres_week.24.2018-06-16_21-00.sql
/mn/backup/weekly/postgres/postgres_week.20.2018-05-19_16-00.sql
/mn/backup/weekly/postgres/postgres_week.23.2018-06-09_16-00.sql
/mn/backup/weekly/postgres/postgres_week.18.2018-05-05_21-00.sql
/mn/backup/weekly/postgres/postgres_week.19.2018-05-12_11-00.sql
/mn/backup/weekly/postgres/postgres_week.14.2018-04-07_21-00.sql
/mn/backup/weekly/postgres/postgres_week.13.2018-03-31_16:00:01.sql.bz2
/mn/backup/weekly/postgres/postgres_week.20.2018-05-19_21-00.sql
/mn/backup/weekly/postgres/postgres_week.17.2018-04-28_16-00.sql
/mn/backup/weekly/postgres/postgres_week.24.2018-06-16_16-00.sql
/mn/backup/weekly/postgres/postgres_week.15.2018-04-14_16-00.sql
/mn/backup/weekly/postgres/postgres_week.24.2018-06-16_11-00.sql
/mn/backup/weekly/postgres/postgres_week.20.2018-05-19_11-00.sql
/mn/backup/weekly/postgres/postgres_week.16.2018-04-21_16-00.sql
/mn/backup/weekly/postgres/postgres_week.12.2018-03-24_21:00:01.sql.bz2
/mn/backup/weekly/postgres/postgres_week.21.2018-05-26_21-00.sql
/mn/backup/weekly/postgres/postgres_week.16.2018-04-21_11-00.sql
/mn/backup/weekly/postgres/postgres_week.12.2018-03-24_11:00:01.sql.bz2
/mn/backup/weekly/postgres/postgres_week.16.2018-04-21_21-00.sql
/mn/backup/weekly/postgres/postgres_week.11.2018-03-17_21:00:01.sql.bz2
/mn/backup/weekly/postgres/postgres_week.15.2018-04-14_21-00.sql
/mn/backup/weekly/postgres/postgres_week.13.2018-03-31_21:00:01.sql.bz2
/mn/backup/weekly/postgres/postgres_week.18.2018-05-05_11-00.sql
/mn/backup/weekly/template1/template1_week.12.2018-03-24_21:00:01.sql.bz2
/mn/backup/weekly/template1/template1_week.22.2018-06-02_11-00.sql
/mn/backup/weekly/template1/template1_week.19.2018-05-12_11-00.sql
/mn/backup/weekly/template1/template1_week.11.2018-03-17_21:00:01.sql.bz2
/mn/backup/weekly/template1/template1_week.20.2018-05-19_11-00.sql
/mn/backup/weekly/template1/template1_week.13.2018-03-31_21:00:01.sql.bz2
/mn/backup/weekly/template1/template1_week.21.2018-05-26_11-00.sql
/mn/backup/weekly/template1/template1_week.16.2018-04-21_21-00.sql
/mn/backup/weekly/template1/template1_week.22.2018-06-02_16-00.sql
/mn/backup/weekly/template1/template1_week.14.2018-04-07_16-00.sql
/mn/backup/weekly/template1/template1_week.13.2018-03-31_16:00:01.sql.bz2
/mn/backup/weekly/template1/template1_week.20.2018-05-19_16-00.sql
/mn/backup/weekly/template1/template1_week.23.2018-06-09_11-00.sql
/mn/backup/weekly/template1/template1_week.23.2018-06-09_16-00.sql
/mn/backup/weekly/template1/template1_week.21.2018-05-26_21-00.sql
/mn/backup/weekly/template1/template1_week.24.2018-06-16_11-00.sql
/mn/backup/weekly/template1/template1_week.17.2018-04-28_16-00.sql
/mn/backup/weekly/template1/template1_week.12.2018-03-24_11:00:01.sql.bz2
/mn/backup/weekly/template1/template1_week.12.2018-03-24_16:00:01.sql.bz2
/mn/backup/weekly/template1/template1_week.13.2018-03-31_11:00:01.sql.bz2
/mn/backup/weekly/template1/template1_week.14.2018-04-07_11-00.sql
/mn/backup/weekly/template1/template1_week.15.2018-04-14_11-00.sql
/mn/backup/weekly/template1/template1_week.24.2018-06-16_21-00.sql
/mn/backup/weekly/template1/template1_week.19.2018-05-12_21-00.sql
/mn/backup/weekly/template1/template1_week.15.2018-04-14_16-00.sql
/mn/backup/weekly/template1/template1_week.22.2018-06-02_21-00.sql
/mn/backup/weekly/template1/template1_week.20.2018-05-19_21-00.sql
/mn/backup/weekly/template1/template1_week.18.2018-05-05_21-00.sql
/mn/backup/weekly/template1/template1_week.17.2018-04-28_11-00.sql
/mn/backup/weekly/template1/template1_week.11.2018-03-17_11:00:01.sql.bz2
/mn/backup/weekly/template1/template1_week.24.2018-06-16_16-00.sql
/mn/backup/weekly/template1/template1_week.18.2018-05-05_16-00.sql
/mn/backup/weekly/template1/template1_week.16.2018-04-21_11-00.sql
/mn/backup/weekly/template1/template1_week.17.2018-04-28_21-00.sql
/mn/backup/weekly/template1/template1_week.21.2018-05-26_16-00.sql
/mn/backup/weekly/template1/template1_week.16.2018-04-21_16-00.sql
/mn/backup/weekly/template1/template1_week.19.2018-05-12_16-00.sql
/mn/backup/weekly/template1/template1_week.18.2018-05-05_11-00.sql
/mn/backup/weekly/template1/template1_week.11.2018-03-17_16:00:01.sql.bz2
/mn/backup/weekly/template1/template1_week.15.2018-04-14_21-00.sql
/mn/backup/weekly/template1/template1_week.23.2018-06-09_21-00.sql
/mn/backup/weekly/template1/template1_week.14.2018-04-07_21-00.sql
/mn/backup/weekly/graphite/graphite_week.15.2018-04-14_21-00.sql
/mn/backup/weekly/graphite/graphite_week.18.2018-05-05_16-00.sql
/mn/backup/weekly/graphite/graphite_week.16.2018-04-21_11-00.sql
/mn/backup/weekly/graphite/graphite_week.20.2018-05-19_11-00.sql
/mn/backup/weekly/graphite/graphite_week.19.2018-05-12_11-00.sql
/mn/backup/weekly/graphite/graphite_week.15.2018-04-14_11-00.sql
/mn/backup/weekly/graphite/graphite_week.16.2018-04-21_16-00.sql
/mn/backup/weekly/graphite/graphite_week.11.2018-03-17_21:00:01.sql.bz2
/mn/backup/weekly/graphite/graphite_week.17.2018-04-28_11-00.sql
/mn/backup/weekly/graphite/graphite_week.21.2018-05-26_11-00.sql
/mn/backup/weekly/graphite/graphite_week.17.2018-04-28_21-00.sql
/mn/backup/weekly/graphite/graphite_week.23.2018-06-09_11-00.sql
/mn/backup/weekly/graphite/graphite_week.14.2018-04-07_21-00.sql
/mn/backup/weekly/graphite/graphite_week.12.2018-03-24_16:00:01.sql.bz2
/mn/backup/weekly/graphite/graphite_week.24.2018-06-16_21-00.sql
/mn/backup/weekly/graphite/graphite_week.22.2018-06-02_11-00.sql
/mn/backup/weekly/graphite/graphite_week.13.2018-03-31_11:00:01.sql.bz2
/mn/backup/weekly/graphite/graphite_week.20.2018-05-19_16-00.sql
/mn/backup/weekly/graphite/graphite_week.18.2018-05-05_21-00.sql
/mn/backup/weekly/graphite/graphite_week.17.2018-04-28_16-00.sql
/mn/backup/weekly/graphite/graphite_week.24.2018-06-16_11-00.sql
/mn/backup/weekly/graphite/graphite_week.14.2018-04-07_11-00.sql
/mn/backup/weekly/graphite/graphite_week.11.2018-03-17_11:00:01.sql.bz2
/mn/backup/weekly/graphite/graphite_week.20.2018-05-19_21-00.sql
/mn/backup/weekly/graphite/graphite_week.21.2018-05-26_16-00.sql
/mn/backup/weekly/graphite/graphite_week.24.2018-06-16_16-00.sql
/mn/backup/weekly/graphite/graphite_week.23.2018-06-09_21-00.sql
/mn/backup/weekly/graphite/graphite_week.12.2018-03-24_11:00:01.sql.bz2
/mn/backup/weekly/graphite/graphite_week.22.2018-06-02_21-00.sql
/mn/backup/weekly/graphite/graphite_week.13.2018-03-31_16:00:01.sql.bz2
/mn/backup/weekly/graphite/graphite_week.21.2018-05-26_21-00.sql
/mn/backup/weekly/graphite/graphite_week.11.2018-03-17_16:00:01.sql.bz2
/mn/backup/weekly/graphite/graphite_week.12.2018-03-24_21:00:01.sql.bz2
/mn/backup/weekly/graphite/graphite_week.14.2018-04-07_16-00.sql
/mn/backup/weekly/graphite/graphite_week.22.2018-06-02_16-00.sql
/mn/backup/weekly/graphite/graphite_week.19.2018-05-12_16-00.sql
/mn/backup/weekly/graphite/graphite_week.23.2018-06-09_16-00.sql
/mn/backup/weekly/graphite/graphite_week.18.2018-05-05_11-00.sql
/mn/backup/weekly/graphite/graphite_week.13.2018-03-31_21:00:01.sql.bz2
/mn/backup/weekly/graphite/graphite_week.19.2018-05-12_21-00.sql
/mn/backup/weekly/graphite/graphite_week.15.2018-04-14_16-00.sql
/mn/backup/weekly/graphite/graphite_week.16.2018-04-21_21-00.sql
/mn/backup/weekly/gettransfer/gettransfer_week.17.2018-04-28_16-00.sql
/mn/backup/weekly/gettransfer/gettransfer_week.16.2018-04-21_21-00.sql
/mn/backup/weekly/gettransfer/gettransfer_week.19.2018-05-12_21-00.sql
/mn/backup/weekly/gettransfer/gettransfer_week.15.2018-04-14_11-00.sql
/mn/backup/weekly/gettransfer/gettransfer_week.12.2018-03-24_21:00:01.sql.bz2
/mn/backup/weekly/gettransfer/gettransfer_week.11.2018-03-17_16:00:01.sql.bz2
/mn/backup/weekly/gettransfer/gettransfer_week.12.2018-03-24_16:00:01.sql.bz2
/mn/backup/weekly/gettransfer/gettransfer_week.21.2018-05-26_16-00.sql
/mn/backup/weekly/gettransfer/gettransfer_week.24.2018-06-16_16-00.sql
/mn/backup/weekly/gettransfer/gettransfer_week.23.2018-06-09_11-00.sql
/mn/backup/weekly/gettransfer/gettransfer_week.14.2018-04-07_16-00.sql
/mn/backup/weekly/gettransfer/gettransfer_week.13.2018-03-31_16:00:01.sql.bz2
/mn/backup/weekly/gettransfer/gettransfer_week.17.2018-04-28_11-00.sql
/mn/backup/weekly/gettransfer/gettransfer_week.13.2018-03-31_11:00:01.sql.bz2
/mn/backup/weekly/gettransfer/gettransfer_week.22.2018-06-02_16-00.sql
/mn/backup/weekly/gettransfer/gettransfer_week.15.2018-04-14_16-00.sql
/mn/backup/weekly/gettransfer/gettransfer_week.21.2018-05-26_11-00.sql
/mn/backup/weekly/gettransfer/gettransfer_week.17.2018-04-28_21-00.sql
/mn/backup/weekly/gettransfer/gettransfer_week.18.2018-05-05_16-00.sql
/mn/backup/weekly/gettransfer/gettransfer_week.19.2018-05-12_11-00.sql
/mn/backup/weekly/gettransfer/gettransfer_week.24.2018-06-16_11-00.sql
/mn/backup/weekly/gettransfer/gettransfer_week.21.2018-05-26_21-00.sql
/mn/backup/weekly/gettransfer/gettransfer_week.19.2018-05-12_16-00.sql
/mn/backup/weekly/gettransfer/gettransfer_week.20.2018-05-19_16-00.sql
/mn/backup/weekly/gettransfer/gettransfer_week.18.2018-05-05_21-00.sql
/mn/backup/weekly/gettransfer/gettransfer_week.11.2018-03-17_21:00:01.sql.bz2
/mn/backup/weekly/gettransfer/gettransfer_week.11.2018-03-17_11:00:01.sql.bz2
/mn/backup/weekly/gettransfer/gettransfer_week.24.2018-06-16_21-00.sql
/mn/backup/weekly/gettransfer/gettransfer_week.20.2018-05-19_11-00.sql
/mn/backup/weekly/gettransfer/gettransfer_week.16.2018-04-21_16-00.sql
/mn/backup/weekly/gettransfer/gettransfer_week.18.2018-05-05_11-00.sql
/mn/backup/weekly/gettransfer/gettransfer_week.23.2018-06-09_16-00.sql
/mn/backup/weekly/gettransfer/gettransfer_week.13.2018-03-31_21:00:01.sql.bz2
/mn/backup/weekly/gettransfer/gettransfer_week.16.2018-04-21_11-00.sql
/mn/backup/weekly/gettransfer/gettransfer_week.12.2018-03-24_11:00:01.sql.bz2
/mn/backup/weekly/gettransfer/gettransfer_week.14.2018-04-07_21-00.sql
/mn/backup/weekly/gettransfer/gettransfer_week.22.2018-06-02_21-00.sql
/mn/backup/weekly/gettransfer/gettransfer_week.22.2018-06-02_11-00.sql
/mn/backup/weekly/gettransfer/gettransfer_week.14.2018-04-07_11-00.sql
/mn/backup/weekly/gettransfer/gettransfer_week.15.2018-04-14_21-00.sql
/mn/backup/weekly/gettransfer/gettransfer_week.23.2018-06-09_21-00.sql
/mn/backup/weekly/gettransfer/gettransfer_week.20.2018-05-19_21-00.sql
/mn/backup/weekly/grafana/grafana_week.13.2018-03-31_11:00:01.sql.bz2
/mn/backup/weekly/grafana/grafana_week.12.2018-03-24_11:00:01.sql.bz2
/mn/backup/weekly/grafana/grafana_week.18.2018-05-05_21-00.sql
/mn/backup/weekly/grafana/grafana_week.22.2018-06-02_11-00.sql
/mn/backup/weekly/grafana/grafana_week.11.2018-03-17_11:00:01.sql.bz2
/mn/backup/weekly/grafana/grafana_week.17.2018-04-28_21-00.sql
/mn/backup/weekly/grafana/grafana_week.21.2018-05-26_11-00.sql
/mn/backup/weekly/grafana/grafana_week.21.2018-05-26_16-00.sql
/mn/backup/weekly/grafana/grafana_week.16.2018-04-21_21-00.sql
/mn/backup/weekly/grafana/grafana_week.14.2018-04-07_21-00.sql
/mn/backup/weekly/grafana/grafana_week.14.2018-04-07_11-00.sql
/mn/backup/weekly/grafana/grafana_week.12.2018-03-24_21:00:01.sql.bz2
/mn/backup/weekly/grafana/grafana_week.16.2018-04-21_16-00.sql
/mn/backup/weekly/grafana/grafana_week.19.2018-05-12_16-00.sql
/mn/backup/weekly/grafana/grafana_week.18.2018-05-05_11-00.sql
/mn/backup/weekly/grafana/grafana_week.13.2018-03-31_21:00:01.sql.bz2
/mn/backup/weekly/grafana/grafana_week.23.2018-06-09_21-00.sql
/mn/backup/weekly/grafana/grafana_week.12.2018-03-24_16:00:01.sql.bz2
/mn/backup/weekly/grafana/grafana_week.20.2018-05-19_21-00.sql
/mn/backup/weekly/grafana/grafana_week.15.2018-04-14_16-00.sql
/mn/backup/weekly/grafana/grafana_week.17.2018-04-28_16-00.sql
/mn/backup/weekly/grafana/grafana_week.23.2018-06-09_11-00.sql
/mn/backup/weekly/grafana/grafana_week.22.2018-06-02_16-00.sql
/mn/backup/weekly/grafana/grafana_week.24.2018-06-16_16-00.sql
/mn/backup/weekly/grafana/grafana_week.22.2018-06-02_21-00.sql
/mn/backup/weekly/grafana/grafana_week.14.2018-04-07_16-00.sql
/mn/backup/weekly/grafana/grafana_week.16.2018-04-21_11-00.sql
/mn/backup/weekly/grafana/grafana_week.17.2018-04-28_11-00.sql
/mn/backup/weekly/grafana/grafana_week.11.2018-03-17_16:00:01.sql.bz2
/mn/backup/weekly/grafana/grafana_week.19.2018-05-12_11-00.sql
/mn/backup/weekly/grafana/grafana_week.19.2018-05-12_21-00.sql
/mn/backup/weekly/grafana/grafana_week.20.2018-05-19_11-00.sql
/mn/backup/weekly/grafana/grafana_week.21.2018-05-26_21-00.sql
/mn/backup/weekly/grafana/grafana_week.18.2018-05-05_16-00.sql
/mn/backup/weekly/grafana/grafana_week.13.2018-03-31_16:00:01.sql.bz2
/mn/backup/weekly/grafana/grafana_week.11.2018-03-17_21:00:01.sql.bz2
/mn/backup/weekly/grafana/grafana_week.24.2018-06-16_11-00.sql
/mn/backup/weekly/grafana/grafana_week.15.2018-04-14_11-00.sql
/mn/backup/weekly/grafana/grafana_week.24.2018-06-16_21-00.sql
/mn/backup/weekly/grafana/grafana_week.15.2018-04-14_21-00.sql
/mn/backup/weekly/grafana/grafana_week.20.2018-05-19_16-00.sql
/mn/backup/weekly/grafana/grafana_week.23.2018-06-09_16-00.sql
/mn/scripts
/mn/scripts/autopgsqlbackup-back
/mn/scripts/autopgsqlbackup
/mn/yuvtoppm
